# JRE version: Java(TM) SE Runtime Environment (8.0_333-b02) (build 1.8.0_333-b02)
# Java VM: Java HotSpot(TM) 64-Bit Server VM (25.333-b02 mixed mode linux-amd64 compressed oops)
Heap:
 PSYoungGen      total 540160K, used 496505K [0x00000000d5580000, 0x0000000100000000, 0x0000000100000000)
  eden space 434688K, 89% used [0x00000000d5580000,0x00000000ed361c80,0x00000000efe00000)
  from space 105472K, 99% used [0x00000000f9900000,0x00000000ffffc820,0x0000000100000000)
  to   space 132096K, 0% used [0x00000000efe00000,0x00000000efe00000,0x00000000f7f00000)
 ParOldGen       total 1164800K, used 749674K [0x0000000080000000, 0x00000000c7180000, 0x00000000d5580000)
  object space 1164800K, 64% used [0x0000000080000000,0x00000000adc1ab48,0x00000000c7180000)
 Metaspace       used 218910K, capacity 239066K, committed 240296K, reserved 1255424K
  class space    used 29067K, capacity 34532K, committed 35240K, reserved 1048576K
GC Heap History (10 events):
Event: 438,630 GC heap before
{Heap before GC invocations=172 (full 6):
 PSYoungGen      total 650752K, used 630592K [0x00000000d5580000, 0x00000000fff00000, 0x0000000100000000)
  eden space 602624K, 100% used [0x00000000d5580000,0x00000000fa200000,0x00000000fa200000)
  from space 48128K, 58% used [0x00000000fa200000,0x00000000fbd50000,0x00000000fd100000)
  to   space 46592K, 0% used [0x00000000fd180000,0x00000000fd180000,0x00000000fff00000)
 ParOldGen       total 1164800K, used 637987K [0x0000000080000000, 0x00000000c7180000, 0x00000000d5580000)
  object space 1164800K, 54% used [0x0000000080000000,0x00000000a6f08ce0,0x00000000c7180000)
 Metaspace       used 217414K, capacity 237488K, committed 239016K, reserved 1253376K
  class space    used 28965K, capacity 34403K, committed 35240K, reserved 1048576K
Event: 438,651 GC heap after
Heap after GC invocations=172 (full 6):
 PSYoungGen      total 621568K, used 46560K [0x00000000d5580000, 0x0000000100000000, 0x0000000100000000)
  eden space 574976K, 0% used [0x00000000d5580000,0x00000000d5580000,0x00000000f8700000)
  from space 46592K, 99% used [0x00000000fd180000,0x00000000ffef8080,0x00000000fff00000)
  to   space 61952K, 0% used [0x00000000f8700000,0x00000000f8700000,0x00000000fc380000)
 ParOldGen       total 1164800K, used 666723K [0x0000000080000000, 0x00000000c7180000, 0x00000000d5580000)
  object space 1164800K, 57% used [0x0000000080000000,0x00000000a8b18d60,0x00000000c7180000)
 Metaspace       used 217414K, capacity 237488K, committed 239016K, reserved 1253376K
  class space    used 28965K, capacity 34403K, committed 35240K, reserved 1048576K
}
Event: 439,145 GC heap before
{Heap before GC invocations=173 (full 6):
 PSYoungGen      total 621568K, used 621536K [0x00000000d5580000, 0x0000000100000000, 0x0000000100000000)
  eden space 574976K, 100% used [0x00000000d5580000,0x00000000f8700000,0x00000000f8700000)
  from space 46592K, 99% used [0x00000000fd180000,0x00000000ffef8080,0x00000000fff00000)
  to   space 61952K, 0% used [0x00000000f8700000,0x00000000f8700000,0x00000000fc380000)
 ParOldGen       total 1164800K, used 666723K [0x0000000080000000, 0x00000000c7180000, 0x00000000d5580000)
  object space 1164800K, 57% used [0x0000000080000000,0x00000000a8b18d60,0x00000000c7180000)
 Metaspace       used 217414K, capacity 237488K, committed 239016K, reserved 1253376K
  class space    used 28965K, capacity 34403K, committed 35240K, reserved 1048576K
Event: 439,167 GC heap after
Heap after GC invocations=173 (full 6):
 PSYoungGen      total 636928K, used 61936K [0x00000000d5580000, 0x0000000100000000, 0x0000000100000000)
  eden space 574976K, 0% used [0x00000000d5580000,0x00000000d5580000,0x00000000f8700000)
  from space 61952K, 99% used [0x00000000f8700000,0x00000000fc37c130,0x00000000fc380000)
  to   space 61952K, 0% used [0x00000000fc380000,0x00000000fc380000,0x0000000100000000)
 ParOldGen       total 1164800K, used 688827K [0x0000000080000000, 0x00000000c7180000, 0x00000000d5580000)
  object space 1164800K, 59% used [0x0000000080000000,0x00000000aa0aeda0,0x00000000c7180000)
 Metaspace       used 217414K, capacity 237488K, committed 239016K, reserved 1253376K
  class space    used 28965K, capacity 34403K, committed 35240K, reserved 1048576K
}
Event: 439,665 GC heap before
{Heap before GC invocations=174 (full 6):
 PSYoungGen      total 636928K, used 636912K [0x00000000d5580000, 0x0000000100000000, 0x0000000100000000)
  eden space 574976K, 100% used [0x00000000d5580000,0x00000000f8700000,0x00000000f8700000)
  from space 61952K, 99% used [0x00000000f8700000,0x00000000fc37c130,0x00000000fc380000)
  to   space 61952K, 0% used [0x00000000fc380000,0x00000000fc380000,0x0000000100000000)
 ParOldGen       total 1164800K, used 688827K [0x0000000080000000, 0x00000000c7180000, 0x00000000d5580000)
  object space 1164800K, 59% used [0x0000000080000000,0x00000000aa0aeda0,0x00000000c7180000)
 Metaspace       used 217414K, capacity 237488K, committed 239016K, reserved 1253376K
  class space    used 28965K, capacity 34403K, committed 35240K, reserved 1048576K
Event: 439,691 GC heap after
Heap after GC invocations=174 (full 6):
 PSYoungGen      total 561152K, used 61920K [0x00000000d5580000, 0x0000000100000000, 0x0000000100000000)
  eden space 499200K, 0% used [0x00000000d5580000,0x00000000d5580000,0x00000000f3d00000)
  from space 61952K, 99% used [0x00000000fc380000,0x00000000ffff8180,0x0000000100000000)
  to   space 99840K, 0% used [0x00000000f3d00000,0x00000000f3d00000,0x00000000f9e80000)
 ParOldGen       total 1164800K, used 734763K [0x0000000080000000, 0x00000000c7180000, 0x00000000d5580000)
  object space 1164800K, 63% used [0x0000000080000000,0x00000000acd8ae40,0x00000000c7180000)
 Metaspace       used 217414K, capacity 237488K, committed 239016K, reserved 1253376K
  class space    used 28965K, capacity 34403K, committed 35240K, reserved 1048576K
}
Event: 440,402 GC heap before
{Heap before GC invocations=175 (full 6):
 PSYoungGen      total 561152K, used 561120K [0x00000000d5580000, 0x0000000100000000, 0x0000000100000000)
  eden space 499200K, 100% used [0x00000000d5580000,0x00000000f3d00000,0x00000000f3d00000)
  from space 61952K, 99% used [0x00000000fc380000,0x00000000ffff8180,0x0000000100000000)
  to   space 99840K, 0% used [0x00000000f3d00000,0x00000000f3d00000,0x00000000f9e80000)
 ParOldGen       total 1164800K, used 734763K [0x0000000080000000, 0x00000000c7180000, 0x00000000d5580000)
  object space 1164800K, 63% used [0x0000000080000000,0x00000000acd8ae40,0x00000000c7180000)
 Metaspace       used 217668K, capacity 237828K, committed 239272K, reserved 1253376K
  class space    used 28996K, capacity 34458K, committed 35240K, reserved 1048576K
Event: 440,423 GC heap after
Heap after GC invocations=175 (full 6):
 PSYoungGen      total 593408K, used 93792K [0x00000000d5580000, 0x0000000100000000, 0x0000000100000000)
  eden space 499200K, 0% used [0x00000000d5580000,0x00000000d5580000,0x00000000f3d00000)
  from space 94208K, 99% used [0x00000000f3d00000,0x00000000f9898230,0x00000000f9900000)
  to   space 105472K, 0% used [0x00000000f9900000,0x00000000f9900000,0x0000000100000000)
 ParOldGen       total 1164800K, used 734899K [0x0000000080000000, 0x00000000c7180000, 0x00000000d5580000)
  object space 1164800K, 63% used [0x0000000080000000,0x00000000acdace40,0x00000000c7180000)
 Metaspace       used 217668K, capacity 237828K, committed 239272K, reserved 1253376K
  class space    used 28996K, capacity 34458K, committed 35240K, reserved 1048576K
}
Event: 440,841 GC heap before
{Heap before GC invocations=176 (full 6):
 PSYoungGen      total 593408K, used 592992K [0x00000000d5580000, 0x0000000100000000, 0x0000000100000000)
  eden space 499200K, 100% used [0x00000000d5580000,0x00000000f3d00000,0x00000000f3d00000)
  from space 94208K, 99% used [0x00000000f3d00000,0x00000000f9898230,0x00000000f9900000)
  to   space 105472K, 0% used [0x00000000f9900000,0x00000000f9900000,0x0000000100000000)
 ParOldGen       total 1164800K, used 734899K [0x0000000080000000, 0x00000000c7180000, 0x00000000d5580000)
  object space 1164800K, 63% used [0x0000000080000000,0x00000000acdace40,0x00000000c7180000)
 Metaspace       used 218133K, capacity 238266K, committed 239528K, reserved 1253376K
  class space    used 29029K, capacity 34500K, committed 35240K, reserved 1048576K
Event: 440,871 GC heap after
Heap after GC invocations=176 (full 6):
 PSYoungGen      total 540160K, used 105458K [0x00000000d5580000, 0x0000000100000000, 0x0000000100000000)
  eden space 434688K, 0% used [0x00000000d5580000,0x00000000d5580000,0x00000000efe00000)
  from space 105472K, 99% used [0x00000000f9900000,0x00000000ffffc820,0x0000000100000000)
  to   space 132096K, 0% used [0x00000000efe00000,0x00000000efe00000,0x00000000f7f00000)
 ParOldGen       total 1164800K, used 749674K [0x0000000080000000, 0x00000000c7180000, 0x00000000d5580000)
  object space 1164800K, 64% used [0x0000000080000000,0x00000000adc1ab48,0x00000000c7180000)
 Metaspace       used 218133K, capacity 238266K, committed 239528K, reserved 1253376K
  class space    used 29029K, capacity 34500K, committed 35240K, reserved 1048576K
}

